<?xml version="1.0" encoding="UTF-8"?>
<testsuite xmlns:xsi="http://www.w3.org/2001/XMLSchema-instance" xsi:noNamespaceSchemaLocation="https://maven.apache.org/surefire/maven-surefire-plugin/xsd/surefire-test-report-3.0.xsd" version="3.0" name="pachet.logica.LoanEvaluatorTest" time="0.102" tests="20" errors="0" skipped="0" failures="0">
  <properties>
[...]
</properties>
  <testcase name="testCreditScoreLowRejected" classname="pachet.logica.LoanEvaluatorTest" time="0.034"/>
  <testcase name="testCreditScoreHighApproved" classname="pachet.logica.LoanEvaluatorTest" time="0.001"/>
  <testcase name="testCreditScoreAtBoundaryWithOneLoanManualReview" classname="pachet.logica.LoanEvaluatorTest" time="0.001"/>
  <testcase name="testAgeTooOld" classname="pachet.logica.LoanEvaluatorTest" time="0.001"/>
  <testcase name="testAlmostApprovedButWithActiveLoan" classname="pachet.logica.LoanEvaluatorTest" time="0.0"/>
  <testcase name="testTwoActiveLoansWithMediumScoreRejected" classname="pachet.logica.LoanEvaluatorTest" time="0.0"/>
  <testcase name="testIncomeTooLow" classname="pachet.logica.LoanEvaluatorTest" time="0.0"/>
  <testcase name="testAgeTooYoung" classname="pachet.logica.LoanEvaluatorTest" time="0.0"/>
  <testcase name="testIncomeMediumManualReview" classname="pachet.logica.LoanEvaluatorTest" time="0.0"/>
  <testcase name="testTooManyActiveLoansRejected" classname="pachet.logica.LoanEvaluatorTest" time="0.001"/>
  <testcase name="testIncomeAtMinimumButTooManyLoansRejected" classname="pachet.logica.LoanEvaluatorTest" time="0.001"/>
  <testcase name="testBoundaryAgeExactly18" classname="pachet.logica.LoanEvaluatorTest" time="0.001"/>
  <testcase name="testBoundaryAgeExactly70" classname="pachet.logica.LoanEvaluatorTest" time="0.001"/>
  <testcase name="testOneActiveLoanManualReview" classname="pachet.logica.LoanEvaluatorTest" time="0.0"/>
  <testcase name="testNoActiveLoansApproved" classname="pachet.logica.LoanEvaluatorTest" time="0.001"/>
  <testcase name="testAgeValidMiddle" classname="pachet.logica.LoanEvaluatorTest" time="0.0"/>
  <testcase name="testIncomeHighApproved" classname="pachet.logica.LoanEvaluatorTest" time="0.0"/>
  <testcase name="testBoundaryIncomeExactly2000" classname="pachet.logica.LoanEvaluatorTest" time="0.001"/>
  <testcase name="testBoundaryIncomeExactly5000" classname="pachet.logica.LoanEvaluatorTest" time="0.001"/>
  <testcase name="testCreditScoreMediumManualReview" classname="pachet.logica.LoanEvaluatorTest" time="0.001"/>
</testsuite>